<?xml version="1.0" encoding="UTF-8"?>
<testng-results ignored="0" total="8" passed="8" failed="0" skipped="0">
  <reporter-output>
  </reporter-output>
  <suite started-at="2020-08-01T15:54:06Z" name="Default suite" finished-at="2020-08-01T15:54:06Z" duration-ms="92">
    <groups>
    </groups>
    <test started-at="2020-08-01T15:54:06Z" name="Default test" finished-at="2020-08-01T15:54:06Z" duration-ms="92">
      <class name="demointegration.INtegration">
        <test-method signature="div()[pri:0, instance:demointegration.INtegration@729d991e]" started-at="2020-08-01T15:54:06Z" name="div" finished-at="2020-08-01T15:54:06Z" duration-ms="30" status="PASS">
          <reporter-output>
          </reporter-output>
        </test-method> <!-- div -->
        <test-method signature="dive()[pri:0, instance:demointegration.INtegration@729d991e]" started-at="2020-08-01T15:54:06Z" name="dive" finished-at="2020-08-01T15:54:06Z" duration-ms="2" status="PASS">
          <reporter-output>
          </reporter-output>
        </test-method> <!-- dive -->
        <test-method signature="multi()[pri:0, instance:demointegration.INtegration@729d991e]" started-at="2020-08-01T15:54:06Z" name="multi" finished-at="2020-08-01T15:54:06Z" duration-ms="2" status="PASS">
          <reporter-output>
          </reporter-output>
        </test-method> <!-- multi -->
        <test-method signature="multi2()[pri:0, instance:demointegration.INtegration@729d991e]" started-at="2020-08-01T15:54:06Z" name="multi2" finished-at="2020-08-01T15:54:06Z" duration-ms="2" status="PASS">
          <reporter-output>
          </reporter-output>
        </test-method> <!-- multi2 -->
        <test-method signature="multi3()[pri:0, instance:demointegration.INtegration@729d991e]" started-at="2020-08-01T15:54:06Z" name="multi3" finished-at="2020-08-01T15:54:06Z" duration-ms="1" status="PASS">
          <reporter-output>
          </reporter-output>
        </test-method> <!-- multi3 -->
        <test-method signature="multi4()[pri:0, instance:demointegration.INtegration@729d991e]" started-at="2020-08-01T15:54:06Z" name="multi4" finished-at="2020-08-01T15:54:06Z" duration-ms="2" status="PASS">
          <reporter-output>
          </reporter-output>
        </test-method> <!-- multi4 -->
        <test-method signature="substract()[pri:0, instance:demointegration.INtegration@729d991e]" started-at="2020-08-01T15:54:06Z" name="substract" finished-at="2020-08-01T15:54:06Z" duration-ms="2" status="PASS">
          <reporter-output>
          </reporter-output>
        </test-method> <!-- substract -->
        <test-method signature="sum()[pri:0, instance:demointegration.INtegration@729d991e]" started-at="2020-08-01T15:54:06Z" name="sum" finished-at="2020-08-01T15:54:06Z" duration-ms="1" status="PASS">
          <reporter-output>
          </reporter-output>
        </test-method> <!-- sum -->
      </class> <!-- demointegration.INtegration -->
    </test> <!-- Default test -->
  </suite> <!-- Default suite -->
</testng-results>
